[
    {
        "title": "Windows??????????",
        "description": "Hyper-V backend",
        "id": 1,
        "hierarchical_id": "REQ-001",
        "type": "requirement",
        "status": "not_started",
        "parent_id": null,
        "created_at": "2025-10-26T07:13:54",
        "updated_at": null
    },
    {
        "title": "Windows??????",
        "description": null,
        "id": 2,
        "hierarchical_id": "REQ-001.TSK-001",
        "type": "task",
        "status": "not_started",
        "parent_id": 1,
        "created_at": "2025-10-26T07:14:11",
        "updated_at": null
    },
    {
        "title": "Win????",
        "description": "PowerShell",
        "id": 3,
        "hierarchical_id": "REQ-002",
        "type": "requirement",
        "status": "not_started",
        "parent_id": null,
        "created_at": "2025-10-26T07:16:28",
        "updated_at": null
    },
    {
        "title": "Win???????",
        "description": null,
        "id": 4,
        "hierarchical_id": "REQ-001.TSK-002",
        "type": "task",
        "status": "not_started",
        "parent_id": 1,
        "created_at": "2025-10-26T07:16:28",
        "updated_at": null
    }
]
